0 info it worked if it ends with ok
1 verbose cli [ 'C:\\Program Files (x86)\\nodejs\\node.exe',
1 verbose cli   'C:\\Program Files (x86)\\nodejs\\node_modules\\npm\\bin\\npm-cli.js',
1 verbose cli   'run',
1 verbose cli   '_test' ]
2 info using npm@3.10.3
3 info using node@v6.6.0
4 verbose run-script [ 'pre_test', '_test', 'post_test' ]
5 info lifecycle hodor@0.0.1~pre_test: hodor@0.0.1
6 silly lifecycle hodor@0.0.1~pre_test: no script for pre_test, continuing
7 info lifecycle hodor@0.0.1~_test: hodor@0.0.1
8 verbose lifecycle hodor@0.0.1~_test: unsafe-perm in lifecycle true
9 verbose lifecycle hodor@0.0.1~_test: PATH: C:\Program Files (x86)\nodejs\node_modules\npm\bin\node-gyp-bin;c:\Users\mikalets.EUROPE\Dropbox\Projects\hodor\node_modules\.bin;C:\Program Files (x86)\nodejs;C:\Windows\Microsoft.NET\Framework\v4.0.30319;C:\Users\mikalets.EUROPE\Downloads\ngrok-stable-windows-amd64;C:\Users\mikalets.EUROPE\AppData\Roaming\npm;C:\Scripts;C:\Program Files\Microsoft Solver Foundation\3.0.2.10889\Plugins;c:\Program Files\PostgreSQL\9.4\bin;C:\ProgramData\Oracle\Java\javapath;C:\WINDOWS\system32;C:\WINDOWS;C:\WINDOWS\System32\Wbem;C:\WINDOWS\System32\WindowsPowerShell\v1.0\;C:\Program Files\Microsoft SQL Server\120\Tools\Binn\;C:\Program Files (x86)\Windows Kits\10\Windows Performance Toolkit\;C:\Program Files\TortoiseGit\bin;C:\WINDOWS\system32;C:\WINDOWS;C:\WINDOWS\System32\Wbem;C:\WINDOWS\System32\WindowsPowerShell\v1.0\;C:\Program Files\Microsoft\Web Platform Installer\;C:\Program Files (x86)\Microsoft SDKs\Azure\CLI\wbin;C:\Program Files (x86)\Skype\Phone\;C:\Program Files\Microsoft SQL Server\130\Tools\Binn\;C:\Program Files (x86)\Microsoft Emulator Manager\1.0\;C:\Program Files\Git\cmd;C:\Program Files\dotnet\;C:\Program Files (x86)\nodejs\;C:\Users\mikalets.EUROPE\.dnx\runtimes\dnx-clr-win-x86.1.0.0-rc1-update2\bin;C:\Users\mikalets.EUROPE\AppData\Local\Continuum\Anaconda2;C:\Users\mikalets.EUROPE\AppData\Local\Continuum\Anaconda2\Scripts;C:\Users\mikalets.EUROPE\AppData\Local\Continuum\Anaconda2\Library\bin;C:\Users\mikalets.EUROPE\.dnx\bin;C:\Users\mikalets.EUROPE\AppData\Local\Gource\cmd;C:\Users\mikalets.EUROPE\AppData\Local\Microsoft\WindowsApps;;C:\Program Files (x86)\Microsoft VS Code\bin;C:\Users\mikalets.EUROPE\AppData\Roaming\npm
10 verbose lifecycle hodor@0.0.1~_test: CWD: c:\Users\mikalets.EUROPE\Dropbox\Projects\hodor
11 silly lifecycle hodor@0.0.1~_test: Args: [ '/d /s /c', 'ava js/test/' ]
12 silly lifecycle hodor@0.0.1~_test: Returned: code: 1  signal: null
13 info lifecycle hodor@0.0.1~_test: Failed to exec _test script
14 verbose stack Error: hodor@0.0.1 _test: `ava js/test/`
14 verbose stack Exit status 1
14 verbose stack     at EventEmitter.<anonymous> (C:\Program Files (x86)\nodejs\node_modules\npm\lib\utils\lifecycle.js:242:16)
14 verbose stack     at emitTwo (events.js:106:13)
14 verbose stack     at EventEmitter.emit (events.js:191:7)
14 verbose stack     at ChildProcess.<anonymous> (C:\Program Files (x86)\nodejs\node_modules\npm\lib\utils\spawn.js:40:14)
14 verbose stack     at emitTwo (events.js:106:13)
14 verbose stack     at ChildProcess.emit (events.js:191:7)
14 verbose stack     at maybeClose (internal/child_process.js:877:16)
14 verbose stack     at Process.ChildProcess._handle.onexit (internal/child_process.js:226:5)
15 verbose pkgid hodor@0.0.1
16 verbose cwd c:\Users\mikalets.EUROPE\Dropbox\Projects\hodor
17 error Windows_NT 10.0.14393
18 error argv "C:\\Program Files (x86)\\nodejs\\node.exe" "C:\\Program Files (x86)\\nodejs\\node_modules\\npm\\bin\\npm-cli.js" "run" "_test"
19 error node v6.6.0
20 error npm  v3.10.3
21 error code ELIFECYCLE
22 error hodor@0.0.1 _test: `ava js/test/`
22 error Exit status 1
23 error Failed at the hodor@0.0.1 _test script 'ava js/test/'.
23 error Make sure you have the latest version of node.js and npm installed.
23 error If you do, this is most likely a problem with the hodor package,
23 error not with npm itself.
23 error Tell the author that this fails on your system:
23 error     ava js/test/
23 error You can get information on how to open an issue for this project with:
23 error     npm bugs hodor
23 error Or if that isn't available, you can get their info via:
23 error     npm owner ls hodor
23 error There is likely additional logging output above.
24 verbose exit [ 1, true ]
